<?xml version="1.0" encoding="UTF-8"?>
<testsuite name="tests.views.test_views.IndexViewTest-20250408024020" tests="5" file="tests/views/test_views.py" time="4.035" timestamp="2025-04-08T02:40:24" failures="0" errors="0" skipped="0">
	<testcase classname="tests.views.test_views.IndexViewTest" name="test_index_data_saved_in_session" time="1.285" timestamp="2025-04-08T02:40:21" file="chef_ai/tests/views/test_views.py" line="24"/>
	<testcase classname="tests.views.test_views.IndexViewTest" name="test_index_view_form_post_has_one_ingredient" time="1.021" timestamp="2025-04-08T02:40:22" file="chef_ai/tests/views/test_views.py" line="17"/>
	<testcase classname="tests.views.test_views.IndexViewTest" name="test_index_view_form_post_has_one_ingredient_with_qty" time="1.159" timestamp="2025-04-08T02:40:23" file="chef_ai/tests/views/test_views.py" line="20"/>
	<testcase classname="tests.views.test_views.IndexViewTest" name="test_index_view_form_post_isEmpty" time="0.566" timestamp="2025-04-08T02:40:24" file="chef_ai/tests/views/test_views.py" line="12"/>
	<testcase classname="tests.views.test_views.IndexViewTest" name="test_index_view_status_code" time="0.005" timestamp="2025-04-08T02:40:24" file="chef_ai/tests/views/test_views.py" line="7"/>
</testsuite>